<?xml version="1.0" encoding="UTF-8"?>
<!-- Generated by org.testng.reporters.JUnitReportReporter -->
<testsuite skipped="3" hostname="DESKTOP-8IPCMAT" name="TestSuites.Test1" tests="4" failures="0" timestamp="05 Jan 2021 06:32:53 GMT" time="15.109" errors="0">
  <testcase name="updating_the_Student" time="15.109" classname="TestSuites.Test1"/>
  <testcase name="fillUserForm" classname="TestSuites.Test1">
    <skipped/>
  </testcase> <!-- fillUserForm -->
  <testcase name="deleting_Student" classname="TestSuites.Test1">
    <skipped/>
  </testcase> <!-- deleting_Student -->
  <testcase name="login_as_student" classname="TestSuites.Test1">
    <skipped/>
  </testcase> <!-- login_as_student -->
</testsuite> <!-- TestSuites.Test1 -->
