<?xml version="1.0" encoding="UTF-8"?>
<!-- Generated by org.testng.reporters.JUnitReportReporter -->
<testsuite skipped="0" hostname="DESKTOP-8IPCMAT" name="TestSuites.TestCases" tests="9" failures="0" timestamp="18 Jan 2021 14:13:30 GMT" time="101.456" errors="0">
  <testcase name="fillUserForm" time="11.217" classname="TestSuites.TestCases"/>
  <testcase name="fillUserForm" time="10.994" classname="TestSuites.TestCases"/>
  <testcase name="fillUserForm" time="12.399" classname="TestSuites.TestCases"/>
  <testcase name="fillUserForm" time="11.417" classname="TestSuites.TestCases"/>
  <testcase name="fillUserForm" time="10.960" classname="TestSuites.TestCases"/>
  <testcase name="login_as_student" time="11.358" classname="TestSuites.TestCases"/>
  <testcase name="deleting_Student" time="6.859" classname="TestSuites.TestCases"/>
  <testcase name="updating_the_Student" time="13.951" classname="TestSuites.TestCases"/>
  <testcase name="displaying_Student_details" time="12.301" classname="TestSuites.TestCases"/>
</testsuite> <!-- TestSuites.TestCases -->
